<?xml version="1.0" encoding="UTF-8"?>
<testsuite name="WordPuzzleTest" tests="5" skipped="0" failures="0" errors="0" timestamp="2016-02-12T03:24:04" hostname="Blairs-MacBook-Pro.local" time="0.556">
  <properties/>
  <testcase name="convertWord" classname="WordPuzzleTest" time="0.494"/>
  <testcase name="convertPhraseToPuzzle_returnPhrase_puzzleized" classname="WordPuzzleTest" time="0.001"/>
  <testcase name="rootTest" classname="WordPuzzleTest" time="0.01"/>
  <testcase name="convertWordToPuzzle_returnsHello_puzzleized" classname="WordPuzzleTest" time="0.001"/>
  <testcase name="convertPhrase" classname="WordPuzzleTest" time="0.026"/>
  <system-out><![CDATA[]]></system-out>
  <system-err><![CDATA[[Thread-4] INFO spark.webserver.SparkServer - == Spark has ignited ...
[Thread-4] INFO spark.webserver.SparkServer - >> Listening on 0.0.0.0:4567
[Thread-4] INFO org.eclipse.jetty.server.Server - jetty-9.0.2.v20130417
[Thread-4] INFO org.eclipse.jetty.server.ServerConnector - Started ServerConnector@48b1e0b1{HTTP/1.1}{0.0.0.0:4567}
[Test worker] INFO spark.webserver.SparkServer - >>> Spark shutting down ...
[Test worker] INFO org.eclipse.jetty.server.Server - Graceful shutdown org.eclipse.jetty.server.Server@750a11e4 by 
[Test worker] INFO org.eclipse.jetty.server.ServerConnector - Stopped ServerConnector@48b1e0b1{HTTP/1.1}{0.0.0.0:4567}
[Test worker] INFO spark.webserver.SparkServer - done
]]></system-err>
</testsuite>
